Arguments: 
  /home/frappe/.nvm/versions/node/v18.12.0/bin/node /home/frappe/.nvm/versions/node/v18.12.0/bin/yarn install

PATH: 
  /workspace/development/frappe-bench/env/bin:/home/frappe/.local/bin:/home/frappe/.pyenv/shims:/vscode/vscode-server/bin/linux-x64/97dec172d3256f8ca4bfb2143f3f76b503ca0534/bin/remote-cli:/home/frappe/.local/bin:/home/frappe/.local/bin:/home/frappe/.pyenv/bin:/home/frappe/.nvm/versions/node/v18.12.0/bin:/home/frappe/.local/bin:/home/frappe/.pyenv/bin:/usr/local/sbin:/usr/local/bin:/usr/sbin:/usr/bin:/sbin:/bin

Yarn version: 
  1.22.19

Node version: 
  18.12.0

Platform: 
  linux x64

Trace: 
  Error: connect ECONNREFUSED 104.16.2.35:443
      at TCPConnectWrap.afterConnect [as oncomplete] (node:net:1300:16)

npm manifest: 
  {
    "name": "erpnext",
    "description": "Open Source ERP System powered by the Frappe Framework",
    "repository": {
      "type": "git",
      "url": "git+https://github.com/frappe/erpnext.git"
    },
    "homepage": "https://erpnext.com",
    "author": "Frappe Technologies Pvt. Ltd.",
    "license": "GPL-3.0",
    "bugs": {
      "url": "https://github.com/frappe/erpnext/issues"
    },
    "devDependencies": {},
    "dependencies": {
      "onscan.js": "^1.5.2"
    }
  }

yarn manifest: 
  No manifest

Lockfile: 
  # THIS IS AN AUTOGENERATED FILE. DO NOT EDIT THIS FILE DIRECTLY.
  # yarn lockfile v1
  
  
  onscan.js@^1.5.2:
    version "1.5.2"
    resolved "https://registry.yarnpkg.com/onscan.js/-/onscan.js-1.5.2.tgz#14ed636e5f4c3f0a78bacbf9a505dad3140ee341"
    integrity sha512-9oGYy2gXYRjvXO9GYqqVca0VuCTAmWhbmX3egBSBP13rXiMNb+dKPJzKFEeECGqPBpf0m40Zoo+GUQ7eCackdw==
